Removed Pin From Net: NetName=GND_EXT Pin=C39-1
Removed Pin From Net: NetName=GND_EXT Pin=C40-1
Removed Pin From Net: NetName=GND_EXT Pin=C41-1
Removed Pin From Net: NetName=VSSH_ADC1 Pin=C41-2
Removed Pin From Net: NetName=GND_EXT Pin=C42-1
Removed Pin From Net: NetName=GND_EXT Pin=C43-1
Removed Pin From Net: NetName=GND_EXT Pin=C45-1
Removed Pin From Net: NetName=GND_EXT Pin=C47-1
Removed Pin From Net: NetName=GND_EXT Pin=C51-1
Removed Pin From Net: NetName=GND_EXT Pin=C52-1
Removed Pin From Net: NetName=+15V Pin=C52-2
Removed Pin From Net: NetName=GND_EXT Pin=C53-1
Removed Pin From Net: NetName=GND_EXT Pin=C54-1
Removed Pin From Net: NetName=GND_EXT Pin=C83-1
Removed Pin From Net: NetName=GND_EXT Pin=C84-1
Removed Pin From Net: NetName=VIO_ADC1 Pin=C85-1
Removed Pin From Net: NetName=GND_EXT Pin=C85-2
Removed Pin From Net: NetName=VIO_ADC1 Pin=C86-1
Removed Pin From Net: NetName=GND_EXT Pin=C86-2
Removed Pin From Net: NetName=GND_EXT Pin=C87-2
Removed Pin From Net: NetName=GND_EXT Pin=C88-2
Removed Pin From Net: NetName=VIO_ADC1 Pin=C89-1
Removed Pin From Net: NetName=GND_EXT Pin=C89-2
Removed Pin From Net: NetName=GND_EXT Pin=C90-2
Removed Pin From Net: NetName=GND_EXT Pin=C91-2
Removed Pin From Net: NetName=3.3V_USB Pin=C145-1
Removed Pin From Net: NetName=GND_USB Pin=C145-2
Removed Pin From Net: NetName=3.3V_USB Pin=C146-1
Removed Pin From Net: NetName=GND_USB Pin=C146-2
Removed Pin From Net: NetName=3.3V_USB Pin=C147-1
Removed Pin From Net: NetName=GND_USB Pin=C147-2
Removed Pin From Net: NetName=3.3V_USB Pin=C148-1
Removed Pin From Net: NetName=GND_USB Pin=C148-2
Removed Pin From Net: NetName=GND_EXT Pin=C203-1
Removed Pin From Net: NetName=VDD15_TR Pin=C203-2
Removed Pin From Net: NetName=VDD15_TR Pin=C204-1
Removed Pin From Net: NetName=GND_EXT Pin=C204-2
Removed Pin From Net: NetName=VSSH_ADC1 Pin=D1-1
Removed Pin From Net: NetName=GND_EXT Pin=D3-1
Removed Pin From Net: NetName=+15V Pin=D4-2
Removed Pin From Net: NetName=VIO_ADC1 Pin=L5-1
Removed Pin From Net: NetName=VSSH_ADC1 Pin=P1-1
Removed Pin From Net: NetName=GND_EXT Pin=P1-2
Removed Pin From Net: NetName=+15V Pin=P1-3
Removed Pin From Net: NetName=3.3V_USB Pin=P7-1
Removed Pin From Net: NetName=3.3V_USB Pin=P7-2
Removed Pin From Net: NetName=GND_USB Pin=P7-4
Removed Pin From Net: NetName=GND_USB Pin=P7-6
Removed Pin From Net: NetName=GND_USB Pin=P7-8
Removed Pin From Net: NetName=GND_USB Pin=P7-10
Removed Pin From Net: NetName=GND_USB Pin=P7-12
Removed Pin From Net: NetName=GND_USB Pin=P7-14
Removed Pin From Net: NetName=GND_USB Pin=P7-16
Removed Pin From Net: NetName=GND_USB Pin=P7-18
Removed Pin From Net: NetName=GND_USB Pin=P7-20
Removed Pin From Net: NetName=VSS_INAMP_TR Pin=R34-1
Removed Pin From Net: NetName=VSSH_ADC1 Pin=R34-2
Removed Pin From Net: NetName=VSSH_ADC1 Pin=R35-2
Removed Pin From Net: NetName=DVDD_ADC1 Pin=R36-1
Removed Pin From Net: NetName=GND_EXT Pin=R39-1
Removed Pin From Net: NetName=GND_EXT Pin=R40-1
Removed Pin From Net: NetName=NetD1_2 Pin=R40-2
Removed Pin From Net: NetName=GND_EXT Pin=R41-2
Removed Pin From Net: NetName=VDD_INAMP_TR Pin=R43-1
Removed Pin From Net: NetName=+15V Pin=R43-2
Removed Pin From Net: NetName=+15V Pin=R44-2
Removed Pin From Net: NetName=GND_EXT Pin=R47-1
Removed Pin From Net: NetName=GND_EXT Pin=R48-1
Removed Pin From Net: NetName=+15V Pin=R50-1
Removed Pin From Net: NetName=NetC55_1 Pin=R50-2
Removed Pin From Net: NetName=NetC55_1 Pin=R52-2
Removed Pin From Net: NetName=VSSH_ADC1 Pin=R62-1
Removed Pin From Net: NetName=NetC58_1 Pin=R62-2
Removed Pin From Net: NetName=NetC58_1 Pin=R64-2
Removed Pin From Net: NetName=GND_EXT Pin=R82-1
Removed Pin From Net: NetName=GND_EXT Pin=R83-1
Removed Pin From Net: NetName=GND_EXT Pin=R84-1
Removed Pin From Net: NetName=GND_EXT Pin=R85-1
Removed Pin From Net: NetName=GND_EXT Pin=R86-1
Removed Pin From Net: NetName=GND_EXT Pin=R87-1
Removed Pin From Net: NetName=GND_EXT Pin=R88-1
Removed Pin From Net: NetName=GND_EXT Pin=R89-1
Removed Pin From Net: NetName=ADC_OUTD1 Pin=R91-5
Removed Pin From Net: NetName=ADC_OUTC1 Pin=R91-6
Removed Pin From Net: NetName=ADC_OUTB1 Pin=R91-7
Removed Pin From Net: NetName=ADC_OUTA1 Pin=R91-8
Removed Pin From Net: NetName=ADC_OUTH1 Pin=R92-5
Removed Pin From Net: NetName=ADC_OUTG1 Pin=R92-6
Removed Pin From Net: NetName=ADC_OUTF1 Pin=R92-7
Removed Pin From Net: NetName=ADC_OUTE1 Pin=R92-8
Removed Pin From Net: NetName=VIO_ADC1 Pin=R94-1
Removed Pin From Net: NetName=NetC92_2 Pin=R94-2
Removed Pin From Net: NetName=VIO_ADC1 Pin=R101-1
Removed Pin From Net: NetName=GND_EXT Pin=R106-2
Removed Pin From Net: NetName=GND_EXT Pin=R107-2
Removed Pin From Net: NetName=GND_EXT Pin=R108-2
Removed Pin From Net: NetName=VIO_ADC1 Pin=R110-1
Removed Pin From Net: NetName=VIO_ADC1 Pin=R111-1
Removed Pin From Net: NetName=VIO_ADC1 Pin=R112-1
Removed Pin From Net: NetName=VIO_ADC1 Pin=R113-1
Removed Pin From Net: NetName=PA13 Pin=R114-2
Removed Pin From Net: NetName=PA14 Pin=R115-2
Removed Pin From Net: NetName=PB3 Pin=R116-2
Removed Pin From Net: NetName=PA15 Pin=R117-2
Removed Pin From Net: NetName=PB4 Pin=R118-2
Removed Pin From Net: NetName=NRST Pin=R119-2
Removed Pin From Net: NetName=GND_EXT Pin=R120-2
Removed Pin From Net: NetName=3.3V_USB Pin=R126-1
Removed Pin From Net: NetName=GND_USB Pin=R131-2
Removed Pin From Net: NetName=GND_USB Pin=R132-2
Removed Pin From Net: NetName=GND_USB Pin=R133-2
Removed Pin From Net: NetName=3.3V_USB Pin=R134-1
Removed Pin From Net: NetName=3.3V_USB Pin=R135-1
Removed Pin From Net: NetName=3.3V_USB Pin=R136-1
Removed Pin From Net: NetName=3.3V_USB Pin=R137-1
Removed Pin From Net: NetName=USBMCU_TMS/SWDIO Pin=R138-2
Removed Pin From Net: NetName=USBMCU_TCK/SWCLK Pin=R141-2
Removed Pin From Net: NetName=USBMCU_SWO Pin=R142-2
Removed Pin From Net: NetName=USBMCU_TDI Pin=R143-2
Removed Pin From Net: NetName=USBMCU_TRST Pin=R144-2
Removed Pin From Net: NetName=USBMCU_NRST Pin=R145-2
Removed Pin From Net: NetName=GND_USB Pin=R148-2
Removed Pin From Net: NetName=5V_RAW Pin=R183-2
Removed Pin From Net: NetName=VDD5_TR Pin=R184-1
Removed Pin From Net: NetName=5V_RAW Pin=R184-2
Removed Pin From Net: NetName=VSSH_ADC1 Pin=TP1-1
Removed Pin From Net: NetName=+15V Pin=TP3-1
Removed Pin From Net: NetName=GND_EXT Pin=U2-4
Removed Pin From Net: NetName=GND_EXT Pin=U2-9
Removed Pin From Net: NetName=GND_EXT Pin=U3-5
Removed Pin From Net: NetName=GND_EXT Pin=U3-11
Removed Pin From Net: NetName=GND_EXT Pin=U4-4
Removed Pin From Net: NetName=GND_EXT Pin=U4-9
Removed Pin From Net: NetName=GND_EXT Pin=U8-7
Removed Pin From Net: NetName=GND_EXT Pin=U8-12
Removed Pin From Net: NetName=VIO_ADC1 Pin=U8-13
Removed Pin From Net: NetName=VIO_ADC1 Pin=U8-14
Removed Pin From Net: NetName=PC7 Pin=U8-15
Removed Pin From Net: NetName=PD6 Pin=U8-16
Removed Pin From Net: NetName=PC10 Pin=U8-17
Removed Pin From Net: NetName=PC12 Pin=U8-18
Removed Pin From Net: NetName=PC9 Pin=U8-19
Removed Pin From Net: NetName=I2C2_SCL Pin=U8-24
Removed Pin From Net: NetName=I2C2_SDA Pin=U8-25
Removed Pin From Net: NetName=GND_EXT Pin=U13-2
Removed Pin From Net: NetName=GND_USB Pin=U15-2
Removed Pin From Net: NetName=GND_USB Pin=U17-1
Removed Pin From Net: NetName=GND_USB Pin=U17-2
Removed Pin From Net: NetName=GND_USB Pin=U17-3
Removed Pin From Net: NetName=GND_USB Pin=U17-4
Removed Pin From Net: NetName=FMPI2C1_SDA Pin=U17-5
Removed Pin From Net: NetName=FMPI2C1_SCL Pin=U17-6
Removed Pin From Net: NetName=NetU14_65 Pin=U17-7
Removed Pin From Net: NetName=3.3V_USB Pin=U17-8
Removed Pin From Net: NetName=GND_USB Pin=U17-9
Removed Pin From Net: NetName=NetU14_92 Pin=U18-1
Removed Pin From Net: NetName=NetU14_59 Pin=U18-2
Removed Pin From Net: NetName=NetU14_1 Pin=U18-3
Removed Pin From Net: NetName=GND_USB Pin=U18-4
Removed Pin From Net: NetName=NetU14_58 Pin=U18-5
Removed Pin From Net: NetName=NetU14_84 Pin=U18-6
Removed Pin From Net: NetName=NetU14_60 Pin=U18-7
Removed Pin From Net: NetName=3.3V_USB Pin=U18-8
Removed Pin From Net: NetName=VDD15_TR Pin=U29-1
Removed Pin From Net: NetName=GND_EXT Pin=U29-2
Removed Pin From Net: NetName=GND_EXT Pin=U43-1
Removed Pin From Net: NetName=AVDD_ADC1 Pin=U43-2
Removed Pin From Net: NetName=GND_EXT Pin=U43-3
Removed Pin From Net: NetName=GND_EXT Pin=U43-4
Removed Pin From Net: NetName=GND_EXT Pin=U43-5
Removed Pin From Net: NetName=NetC254_1 Pin=U43-6
Removed Pin From Net: NetName=GND_EXT Pin=U43-7
Removed Member From Class: ClassName=BIPOLAR_PSU Member=C37
Removed Member From Class: ClassName=BIPOLAR_PSU Member=C38
Removed Member From Class: ClassName=BIPOLAR_PSU Member=C39
Removed Member From Class: ClassName=BIPOLAR_PSU Member=C40
Removed Member From Class: ClassName=BIPOLAR_PSU Member=C41
Removed Member From Class: ClassName=BIPOLAR_PSU Member=C42
Removed Member From Class: ClassName=BIPOLAR_PSU Member=C43
Removed Member From Class: ClassName=BIPOLAR_PSU Member=C45
Removed Member From Class: ClassName=BIPOLAR_PSU Member=C46
Removed Member From Class: ClassName=BIPOLAR_PSU Member=C47
Removed Member From Class: ClassName=BIPOLAR_PSU Member=C49
Removed Member From Class: ClassName=BIPOLAR_PSU Member=C50
Removed Member From Class: ClassName=BIPOLAR_PSU Member=C51
Removed Member From Class: ClassName=BIPOLAR_PSU Member=C52
Removed Member From Class: ClassName=BIPOLAR_PSU Member=C53
Removed Member From Class: ClassName=BIPOLAR_PSU Member=C54
Removed Member From Class: ClassName=PSU_DAQ_MCU Member=C203
Removed Member From Class: ClassName=PSU_DAQ_MCU Member=C204
Removed Member From Class: ClassName=BIPOLAR_PSU Member=D1
Removed Member From Class: ClassName=BIPOLAR_PSU Member=D2
Removed Member From Class: ClassName=BIPOLAR_PSU Member=D3
Removed Member From Class: ClassName=BIPOLAR_PSU Member=D4
Removed Member From Class: ClassName=BIPOLAR_PSU Member=L1
Removed Member From Class: ClassName=BIPOLAR_PSU Member=L3
Removed Member From Class: ClassName=BIPOLAR_PSU Member=P1
Removed Member From Class: ClassName=MCU_USB Member=P7
Removed Member From Class: ClassName=BIPOLAR_PSU Member=R34
Removed Member From Class: ClassName=BIPOLAR_PSU Member=R35
Removed Member From Class: ClassName=BIPOLAR_PSU Member=R36
Removed Member From Class: ClassName=BIPOLAR_PSU Member=R37
Removed Member From Class: ClassName=BIPOLAR_PSU Member=R38
Removed Member From Class: ClassName=BIPOLAR_PSU Member=R39
Removed Member From Class: ClassName=BIPOLAR_PSU Member=R40
Removed Member From Class: ClassName=BIPOLAR_PSU Member=R41
Removed Member From Class: ClassName=BIPOLAR_PSU Member=R42
Removed Member From Class: ClassName=BIPOLAR_PSU Member=R43
Removed Member From Class: ClassName=BIPOLAR_PSU Member=R44
Removed Member From Class: ClassName=BIPOLAR_PSU Member=R45
Removed Member From Class: ClassName=BIPOLAR_PSU Member=R46
Removed Member From Class: ClassName=BIPOLAR_PSU Member=R47
Removed Member From Class: ClassName=BIPOLAR_PSU Member=R48
Removed Member From Class: ClassName=BIPOLAR_PSU Member=R50
Removed Member From Class: ClassName=BIPOLAR_PSU Member=R52
Removed Member From Class: ClassName=BIPOLAR_PSU Member=R62
Removed Member From Class: ClassName=BIPOLAR_PSU Member=R64
Removed Member From Class: ClassName=INPUTS_OUTPUTS Member=R91
Removed Member From Class: ClassName=INPUTS_OUTPUTS Member=R92
Removed Member From Class: ClassName=MCU_DAQ Member=R101
Removed Member From Class: ClassName=MCU_DAQ Member=R106
Removed Member From Class: ClassName=MCU_DAQ Member=R107
Removed Member From Class: ClassName=MCU_DAQ Member=R108
Removed Member From Class: ClassName=MCU_DAQ Member=R110
Removed Member From Class: ClassName=MCU_DAQ Member=R111
Removed Member From Class: ClassName=MCU_DAQ Member=R112
Removed Member From Class: ClassName=MCU_DAQ Member=R113
Removed Member From Class: ClassName=MCU_DAQ Member=R114
Removed Member From Class: ClassName=MCU_DAQ Member=R115
Removed Member From Class: ClassName=MCU_DAQ Member=R116
Removed Member From Class: ClassName=MCU_DAQ Member=R117
Removed Member From Class: ClassName=MCU_DAQ Member=R118
Removed Member From Class: ClassName=MCU_DAQ Member=R119
Removed Member From Class: ClassName=MCU_DAQ Member=R120
Removed Member From Class: ClassName=MCU_USB Member=R126
Removed Member From Class: ClassName=MCU_USB Member=R131
Removed Member From Class: ClassName=MCU_USB Member=R132
Removed Member From Class: ClassName=MCU_USB Member=R133
Removed Member From Class: ClassName=MCU_USB Member=R134
Removed Member From Class: ClassName=MCU_USB Member=R135
Removed Member From Class: ClassName=MCU_USB Member=R136
Removed Member From Class: ClassName=MCU_USB Member=R137
Removed Member From Class: ClassName=MCU_USB Member=R138
Removed Member From Class: ClassName=MCU_USB Member=R141
Removed Member From Class: ClassName=MCU_USB Member=R142
Removed Member From Class: ClassName=MCU_USB Member=R143
Removed Member From Class: ClassName=MCU_USB Member=R144
Removed Member From Class: ClassName=MCU_USB Member=R145
Removed Member From Class: ClassName=MCU_USB Member=R148
Removed Member From Class: ClassName=PSU_DAQ_MCU Member=R183
Removed Member From Class: ClassName=PSU_DAQ_MCU Member=R184
Removed Member From Class: ClassName=BIPOLAR_PSU Member=TP1
Removed Member From Class: ClassName=BIPOLAR_PSU Member=TP2
Removed Member From Class: ClassName=BIPOLAR_PSU Member=TP3
Removed Member From Class: ClassName=BIPOLAR_PSU Member=TP4
Removed Member From Class: ClassName=BIPOLAR_PSU Member=U2
Removed Member From Class: ClassName=BIPOLAR_PSU Member=U3
Removed Member From Class: ClassName=BIPOLAR_PSU Member=U4
Removed Member From Class: ClassName=MCU_DAQ Member=U13
Removed Member From Class: ClassName=MCU_USB Member=U15
Removed Member From Class: ClassName=PSU_DAQ_MCU Member=U29
Change Component DesignItemId : Designator=R36 Old DesignItemId=CMP-1591-00002-1 New DesignItemId=CMP-1591-00004-1
Change Component DesignItemId : Designator=R34 Old DesignItemId=CMP-1591-00002-1 New DesignItemId=res1
Change Component DesignItemId : Designator=R35 Old DesignItemId=CMP-1591-00002-1 New DesignItemId=res1
Change Component Footprint: Designator=R34 Old Footprint=RESC0805(2012)_L New Footprint=0603R
Change Component Footprint: Designator=R35 Old Footprint=RESC0805(2012)_L New Footprint=0603R
Change Component Footprint: Designator=R36 Old Footprint=RESC0805(2012)_L New Footprint=RESC0402(1005)_L
Change Component Comment : Designator=R34 Old Comment=RES0805 New Comment=10K
Change Component Comment : Designator=R35 Old Comment=RES0805 New Comment=10K
Change Component Comment : Designator=R36 Old Comment=RES0805 New Comment=RES0402
Added Component: Designator=R94(RESC0402(1005)_L)
Added Component: Designator=U43(ADI-R-8_M)
Added Pin To Net: NetName=VSSH_ADC1 Pin=C44-2
Added Pin To Net: NetName=+15V Pin=C48-1
Added Pin To Net: NetName=GND_EXT Pin=D1-1
Added Pin To Net: NetName=NetC55_1 Pin=L2-1
Added Pin To Net: NetName=VSSH_ADC1 Pin=L2-2
Added Pin To Net: NetName=NetC58_1 Pin=L4-1
Added Pin To Net: NetName=+15V Pin=L4-2
Added Pin To Net: NetName=PA13 Pin=P4-2
Added Pin To Net: NetName=PA14 Pin=P4-4
Added Pin To Net: NetName=PB3 Pin=P4-6
Added Pin To Net: NetName=PA15 Pin=P4-8
Added Pin To Net: NetName=NRST Pin=P4-10
Added Pin To Net: NetName=USBMCU_TMS/SWDIO Pin=P6-2
Added Pin To Net: NetName=USBMCU_TCK/SWCLK Pin=P6-4
Added Pin To Net: NetName=USBMCU_SWO Pin=P6-6
Added Pin To Net: NetName=USBMCU_TDI Pin=P6-8
Added Pin To Net: NetName=USBMCU_NRST Pin=P6-10
Added Pin To Net: NetName=VIO_ADC1 Pin=R34-1
Added Pin To Net: NetName=SDA Pin=R34-2
Added Pin To Net: NetName=VIO_ADC1 Pin=R35-1
Added Pin To Net: NetName=SCL Pin=R35-2
Added Pin To Net: NetName=VIO_ADC1 Pin=R36-1
Added Pin To Net: NetName=NetD1_2 Pin=R36-2
Added Pin To Net: NetName=VIO_ADC1 Pin=R94-1
Added Pin To Net: NetName=NetC92_2 Pin=R94-2
Added Pin To Net: NetName=NRST Pin=U12-1
Added Pin To Net: NetName=PB3 Pin=U12-3
Added Pin To Net: NetName=PA14 Pin=U12-4
Added Pin To Net: NetName=PA13 Pin=U12-5
Added Pin To Net: NetName=USBMCU_NRST Pin=U16-1
Added Pin To Net: NetName=USBMCU_SWO Pin=U16-3
Added Pin To Net: NetName=USBMCU_TCK/SWCLK Pin=U16-4
Added Pin To Net: NetName=USBMCU_TMS/SWDIO Pin=U16-5
Added Pin To Net: NetName=GND_EXT Pin=U43-1
Added Pin To Net: NetName=AVDD_ADC1 Pin=U43-2
Added Pin To Net: NetName=GND_EXT Pin=U43-3
Added Pin To Net: NetName=GND_EXT Pin=U43-4
Added Pin To Net: NetName=GND_EXT Pin=U43-5
Added Pin To Net: NetName=NetC254_1 Pin=U43-6
Added Pin To Net: NetName=GND_EXT Pin=U43-7
Change Net Name : Old Net Name=NetC55_1 New Net Name=+15V_RAW
Change Net Name : Old Net Name=NetC58_1 New Net Name=-15V_RAW
Added Member To Class: ClassName=PSU_DAQ_MCU Member=Component D1 Green_LED_150060GS75000
Added Member To Class: ClassName=MCU_USB Member=Component P6 FTSH-105-01-F-DV-K
Added Member To Class: ClassName=OPTO_ISOLATION Member=Component R34 10K
Added Member To Class: ClassName=OPTO_ISOLATION Member=Component R35 10K
Added Member To Class: ClassName=PSU_DAQ_MCU Member=Component R36 RES0402
Added Member To Class: ClassName=INPUTS_OUTPUTS Member=Component R94 RES0402
