Removed Pin From Net: NetName=+15V Pin=C187-1
Removed Pin From Net: NetName=GND Pin=C187-2
Removed Pin From Net: NetName=5V_ANALOG Pin=C188-1
Removed Pin From Net: NetName=GND Pin=C188-2
Removed Pin From Net: NetName=+15V Pin=C191-1
Removed Pin From Net: NetName=GND Pin=C191-2
Removed Pin From Net: NetName=3.3V Pin=R94-1
Removed Pin From Net: NetName=NetC92_2 Pin=R94-2
Removed Pin From Net: NetName=GND Pin=U43-1
Removed Pin From Net: NetName=5V_ANALOG Pin=U43-2
Removed Pin From Net: NetName=GND Pin=U43-3
Removed Pin From Net: NetName=GND Pin=U43-4
Removed Pin From Net: NetName=GND Pin=U43-5
Removed Pin From Net: NetName=NetC254_1 Pin=U43-6
Removed Pin From Net: NetName=GND Pin=U43-7
Change Component DesignItemId : Designator=C187 Old DesignItemId=CMP-2000-05173-1 New DesignItemId=CMP-1590-00003-1
Change Component DesignItemId : Designator=C188 Old DesignItemId=CMP-2000-05173-1 New DesignItemId=CMP-1590-00003-1
Change Component DesignItemId : Designator=C189 Old DesignItemId=CMP-2000-05173-1 New DesignItemId=CMP-1590-00003-1
Change Component DesignItemId : Designator=C190 Old DesignItemId=CMP-2000-05173-1 New DesignItemId=CMP-1590-00003-1
Change Component DesignItemId : Designator=C191 Old DesignItemId=CMP-2000-05173-1 New DesignItemId=CMP-1590-00003-1
Change Component Footprint: Designator=C187 Old Footprint=KEMT-A-3216-18-2_M New Footprint=CAPC0805(2012)145_L
Change Component Footprint: Designator=C188 Old Footprint=KEMT-A-3216-18-2_M New Footprint=CAPC0805(2012)145_L
Change Component Footprint: Designator=C189 Old Footprint=KEMT-A-3216-18-2_M New Footprint=CAPC0805(2012)145_L
Change Component Footprint: Designator=C190 Old Footprint=KEMT-A-3216-18-2_M New Footprint=CAPC0805(2012)145_L
Change Component Footprint: Designator=C191 Old Footprint=KEMT-A-3216-18-2_M New Footprint=CAPC0805(2012)145_L
Change Component Comment : Designator=C187 Old Comment=T491A106K016AT New Comment=CAP0805
Change Component Comment : Designator=C188 Old Comment=T491A106K016AT New Comment=CAP0805
Change Component Comment : Designator=C189 Old Comment=T491A106K016AT New Comment=CAP0805
Change Component Comment : Designator=C190 Old Comment=T491A106K016AT New Comment=CAP0805
Change Component Comment : Designator=C191 Old Comment=T491A106K016AT New Comment=CAP0805
Added Component: Designator=R94(RESC0402(1005)_L)
Added Component: Designator=U43(ADI-R-8_M)
Added Pin To Net: NetName=GND Pin=C187-1
Added Pin To Net: NetName=+15V Pin=C187-2
Added Pin To Net: NetName=GND Pin=C188-1
Added Pin To Net: NetName=5V_ANALOG Pin=C188-2
Added Pin To Net: NetName=GND Pin=C191-1
Added Pin To Net: NetName=+15V Pin=C191-2
Added Pin To Net: NetName=3.3V Pin=R94-1
Added Pin To Net: NetName=NetC92_2 Pin=R94-2
Added Pin To Net: NetName=GND Pin=U43-1
Added Pin To Net: NetName=5V_ANALOG Pin=U43-2
Added Pin To Net: NetName=GND Pin=U43-3
Added Pin To Net: NetName=GND Pin=U43-4
Added Pin To Net: NetName=GND Pin=U43-5
Added Pin To Net: NetName=NetC254_1 Pin=U43-6
Added Pin To Net: NetName=GND Pin=U43-7
Added Member To Class: ClassName=INPUTS_OUTPUTS Member=Component R94 RES0402
