Removed Pin From Net: NetName=3.3V Pin=C113-1
Removed Pin From Net: NetName=GND Pin=C113-2
Removed Pin From Net: NetName=3.3V Pin=C117-1
Removed Pin From Net: NetName=GND Pin=C117-2
Removed Pin From Net: NetName=3.3V Pin=C118-1
Removed Pin From Net: NetName=GND Pin=C118-2
Removed Pin From Net: NetName=3.3V Pin=C119-1
Removed Pin From Net: NetName=GND Pin=C119-2
Removed Pin From Net: NetName=3.3V Pin=C120-1
Removed Pin From Net: NetName=GND Pin=C120-2
Removed Pin From Net: NetName=3.3V Pin=C121-1
Removed Pin From Net: NetName=GND Pin=C121-2
Removed Pin From Net: NetName=3.3V_USB Pin=C134-1
Removed Pin From Net: NetName=GND_USB Pin=C134-2
Removed Pin From Net: NetName=3.3V_USB Pin=C138-1
Removed Pin From Net: NetName=GND_USB Pin=C138-2
Removed Pin From Net: NetName=3.3V_USB Pin=C140-1
Removed Pin From Net: NetName=GND_USB Pin=C140-2
Removed Pin From Net: NetName=3.3V_USB Pin=C141-1
Removed Pin From Net: NetName=GND_USB Pin=C141-2
Removed Pin From Net: NetName=3.3V_USB Pin=C142-1
Removed Pin From Net: NetName=GND_USB Pin=C142-2
Removed Pin From Net: NetName=3.3V Pin=R94-1
Removed Pin From Net: NetName=NetC92_2 Pin=R94-2
Removed Pin From Net: NetName=GND Pin=U43-1
Removed Pin From Net: NetName=5V_ANALOG Pin=U43-2
Removed Pin From Net: NetName=GND Pin=U43-3
Removed Pin From Net: NetName=GND Pin=U43-4
Removed Pin From Net: NetName=GND Pin=U43-5
Removed Pin From Net: NetName=NetC254_1 Pin=U43-6
Removed Pin From Net: NetName=GND Pin=U43-7
Removed Member From Class: ClassName=MCU_DAQ Member=C113
Removed Member From Class: ClassName=MCU_DAQ Member=C117
Removed Member From Class: ClassName=MCU_DAQ Member=C118
Removed Member From Class: ClassName=MCU_DAQ Member=C119
Removed Member From Class: ClassName=MCU_DAQ Member=C120
Removed Member From Class: ClassName=MCU_DAQ Member=C121
Removed Member From Class: ClassName=MCU_USB Member=C134
Removed Member From Class: ClassName=MCU_USB Member=C138
Removed Member From Class: ClassName=MCU_USB Member=C140
Removed Member From Class: ClassName=MCU_USB Member=C141
Removed Member From Class: ClassName=MCU_USB Member=C142
Added Component: Designator=R94(RESC0402(1005)_L)
Added Component: Designator=U43(ADI-R-8_M)
Added Pin To Net: NetName=3.3V Pin=R94-1
Added Pin To Net: NetName=NetC92_2 Pin=R94-2
Added Pin To Net: NetName=GND Pin=U43-1
Added Pin To Net: NetName=5V_ANALOG Pin=U43-2
Added Pin To Net: NetName=GND Pin=U43-3
Added Pin To Net: NetName=GND Pin=U43-4
Added Pin To Net: NetName=GND Pin=U43-5
Added Pin To Net: NetName=NetC254_1 Pin=U43-6
Added Pin To Net: NetName=GND Pin=U43-7
Added Member To Class: ClassName=INPUTS_OUTPUTS Member=Component R94 RES0402
