Removed Pin From Net: NetName=VSS_AMP_TR Pin=L2-1
Removed Pin From Net: NetName=NetC40_2 Pin=L2-2
Removed Pin From Net: NetName=VDD_AMP_TR Pin=L4-1
Removed Pin From Net: NetName=NetC48_1 Pin=L4-2
Removed Pin From Net: NetName=3.3V Pin=R94-1
Removed Pin From Net: NetName=NetC92_2 Pin=R94-2
Removed Pin From Net: NetName=GND Pin=U43-1
Removed Pin From Net: NetName=5V_ANALOG Pin=U43-2
Removed Pin From Net: NetName=GND Pin=U43-3
Removed Pin From Net: NetName=GND Pin=U43-4
Removed Pin From Net: NetName=GND Pin=U43-5
Removed Pin From Net: NetName=NetC254_1 Pin=U43-6
Removed Pin From Net: NetName=GND Pin=U43-7
Removed Member From Class: ClassName=BIPOLAR_PSU Member=L2
Removed Member From Class: ClassName=BIPOLAR_PSU Member=L4
Added Component: Designator=FB3(MURA-BLM15AG221SN1x_V)
Added Component: Designator=FB4(MURA-BLM15AG221SN1x_V)
Added Component: Designator=R94(RESC0402(1005)_L)
Added Component: Designator=U43(ADI-R-8_M)
Added Pin To Net: NetName=VSS_AMP_TR Pin=FB3-1
Added Pin To Net: NetName=NetC40_2 Pin=FB3-2
Added Pin To Net: NetName=NetC48_1 Pin=FB4-1
Added Pin To Net: NetName=VDD_AMP_TR Pin=FB4-2
Added Pin To Net: NetName=3.3V Pin=R94-1
Added Pin To Net: NetName=NetC92_2 Pin=R94-2
Added Pin To Net: NetName=GND Pin=U43-1
Added Pin To Net: NetName=5V_ANALOG Pin=U43-2
Added Pin To Net: NetName=GND Pin=U43-3
Added Pin To Net: NetName=GND Pin=U43-4
Added Pin To Net: NetName=GND Pin=U43-5
Added Pin To Net: NetName=NetC254_1 Pin=U43-6
Added Pin To Net: NetName=GND Pin=U43-7
Added Member To Class: ClassName=BIPOLAR_PSU Member=Component FB3 BLM15AG221SN1x
Added Member To Class: ClassName=BIPOLAR_PSU Member=Component FB4 BLM15AG221SN1x
Added Member To Class: ClassName=INPUTS_OUTPUTS Member=Component R94 RES0402
