Removed Pin From Net: NetName=3.3V_USB Pin=C221-1
Removed Pin From Net: NetName=GND_USB Pin=C221-2
Removed Pin From Net: NetName=GND_USB Pin=C222-1
Removed Pin From Net: NetName=GND_USB Pin=C223-2
Removed Pin From Net: NetName=GND_USB Pin=C224-2
Removed Pin From Net: NetName=NetP6_1 Pin=P6-1
Removed Pin From Net: NetName=USBMCU_TTMS/SWDIO_EXT Pin=P6-2
Removed Pin From Net: NetName=GND_USB Pin=P6-3
Removed Pin From Net: NetName=USBMCU_TCK/SWCLK_EXT Pin=P6-4
Removed Pin From Net: NetName=GND_USB Pin=P6-5
Removed Pin From Net: NetName=USBMCU_SWO_EXT Pin=P6-6
Removed Pin From Net: NetName=USBMCU_TDI_EXT Pin=P6-8
Removed Pin From Net: NetName=GND_USB Pin=P6-9
Removed Pin From Net: NetName=USBMCU_NRST_EXT Pin=P6-10
Removed Pin From Net: NetName=GND_USB Pin=Q3-2
Removed Pin From Net: NetName=VIO_ADC1 Pin=R94-1
Removed Pin From Net: NetName=NetC92_2 Pin=R94-2
Removed Pin From Net: NetName=3.3V_USB Pin=R192-2
Removed Pin From Net: NetName=5V_USB Pin=R195-1
Removed Pin From Net: NetName=GND_USB Pin=R196-2
Removed Pin From Net: NetName=3.3V_USB Pin=U34-1
Removed Pin From Net: NetName=GND_USB Pin=U34-2
Removed Pin From Net: NetName=GND_EXT Pin=U43-1
Removed Pin From Net: NetName=AVDD_ADC1 Pin=U43-2
Removed Pin From Net: NetName=GND_EXT Pin=U43-3
Removed Pin From Net: NetName=GND_EXT Pin=U43-4
Removed Pin From Net: NetName=GND_EXT Pin=U43-5
Removed Pin From Net: NetName=NetC254_1 Pin=U43-6
Removed Pin From Net: NetName=GND_EXT Pin=U43-7
Removed Member From Class: ClassName=PSU_USB_MCU Member=C221
Removed Member From Class: ClassName=PSU_USB_MCU Member=C222
Removed Member From Class: ClassName=PSU_USB_MCU Member=C223
Removed Member From Class: ClassName=PSU_USB_MCU Member=C224
Removed Member From Class: ClassName=PSU_USB_MCU Member=Q3
Removed Member From Class: ClassName=PSU_USB_MCU Member=R192
Removed Member From Class: ClassName=PSU_USB_MCU Member=R195
Removed Member From Class: ClassName=PSU_USB_MCU Member=R196
Removed Member From Class: ClassName=PSU_USB_MCU Member=U34
Added Component: Designator=P6(SMTC-FTSH-105-01-L-DV-K_V)
Added Component: Designator=R94(RESC0402(1005)_L)
Added Component: Designator=U43(ADI-R-8_M)
Added Pin To Net: NetName=GND_USB Pin=D8-1
Added Pin To Net: NetName=NetP6_1 Pin=P6-1
Added Pin To Net: NetName=USBMCU_TTMS/SWDIO_EXT Pin=P6-2
Added Pin To Net: NetName=GND_USB Pin=P6-3
Added Pin To Net: NetName=USBMCU_TCK/SWCLK_EXT Pin=P6-4
Added Pin To Net: NetName=GND_USB Pin=P6-5
Added Pin To Net: NetName=USBMCU_SWO_EXT Pin=P6-6
Added Pin To Net: NetName=USBMCU_TDI_EXT Pin=P6-8
Added Pin To Net: NetName=GND_USB Pin=P6-9
Added Pin To Net: NetName=USBMCU_NRST_EXT Pin=P6-10
Added Pin To Net: NetName=VIO_ADC1 Pin=R94-1
Added Pin To Net: NetName=NetC92_2 Pin=R94-2
Added Pin To Net: NetName=GND_EXT Pin=U43-1
Added Pin To Net: NetName=AVDD_ADC1 Pin=U43-2
Added Pin To Net: NetName=GND_EXT Pin=U43-3
Added Pin To Net: NetName=GND_EXT Pin=U43-4
Added Pin To Net: NetName=GND_EXT Pin=U43-5
Added Pin To Net: NetName=NetC254_1 Pin=U43-6
Added Pin To Net: NetName=GND_EXT Pin=U43-7
Added Member To Class: ClassName=INPUTS_OUTPUTS Member=Component R94 RES0402
