Removed Pin From Net: NetName=3.3V Pin=R94-1
Removed Pin From Net: NetName=NetC92_2 Pin=R94-2
Removed Pin From Net: NetName=GND Pin=U43-1
Removed Pin From Net: NetName=5V_ANALOG Pin=U43-2
Removed Pin From Net: NetName=GND Pin=U43-3
Removed Pin From Net: NetName=GND Pin=U43-4
Removed Pin From Net: NetName=GND Pin=U43-5
Removed Pin From Net: NetName=NetC254_1 Pin=U43-6
Removed Pin From Net: NetName=GND Pin=U43-7
Change Component DesignItemId : Designator=C37 Old DesignItemId=C_0603_10nF_50V_CER New DesignItemId=CMP-1590-00004-1
Change Component DesignItemId : Designator=C45 Old DesignItemId=C_0603_10nF_50V_CER New DesignItemId=CMP-1590-00004-1
Change Component DesignItemId : Designator=C50 Old DesignItemId=C_0603_10nF_50V_CER New DesignItemId=CMP-1590-00004-1
Change Component DesignItemId : Designator=C54 Old DesignItemId=C_0603_10nF_50V_CER New DesignItemId=CMP-1590-00004-1
Change Component DesignItemId : Designator=R39 Old DesignItemId=R_0603_10k_50V_100mW New DesignItemId=CMP-1591-00004-1
Change Component DesignItemId : Designator=R47 Old DesignItemId=R_0603_10k_50V_100mW New DesignItemId=CMP-1591-00004-1
Change Component DesignItemId : Designator=R37 Old DesignItemId=R_0603_118k_50V_100mW New DesignItemId=CMP-1591-00004-1
Change Component DesignItemId : Designator=R46 Old DesignItemId=R_0603_118k_50V_100mW New DesignItemId=CMP-1591-00004-1
Change Component Footprint: Designator=C37 Old Footprint=0603 New Footprint=CAPC0402(1005)60_L
Change Component Footprint: Designator=C45 Old Footprint=0603 New Footprint=CAPC0402(1005)60_L
Change Component Footprint: Designator=C50 Old Footprint=0603 New Footprint=CAPC0402(1005)60_L
Change Component Footprint: Designator=C54 Old Footprint=0603 New Footprint=CAPC0402(1005)60_L
Change Component Footprint: Designator=R37 Old Footprint=0603 New Footprint=RESC0402(1005)_L
Change Component Footprint: Designator=R39 Old Footprint=0603 New Footprint=RESC0402(1005)_L
Change Component Footprint: Designator=R46 Old Footprint=0603 New Footprint=RESC0402(1005)_L
Change Component Footprint: Designator=R47 Old Footprint=0603 New Footprint=RESC0402(1005)_L
Change Component Comment : Designator=C37 Old Comment=10nF New Comment=CAP0402
Change Component Comment : Designator=C45 Old Comment=10nF New Comment=CAP0402
Change Component Comment : Designator=C50 Old Comment=10nF New Comment=CAP0402
Change Component Comment : Designator=C54 Old Comment=10nF New Comment=CAP0402
Change Component Comment : Designator=R39 Old Comment=R_0603_10k_50V_100mW New Comment=RES0402
Change Component Comment : Designator=R47 Old Comment=R_0603_10k_50V_100mW New Comment=RES0402
Change Component Comment : Designator=R37 Old Comment=R_0603_118k_50V_100mW New Comment=RES0402
Change Component Comment : Designator=R46 Old Comment=R_0603_118k_50V_100mW New Comment=RES0402
Added Component: Designator=R94(RESC0402(1005)_L)
Added Component: Designator=U43(ADI-R-8_M)
Added Pin To Net: NetName=3.3V Pin=R94-1
Added Pin To Net: NetName=NetC92_2 Pin=R94-2
Added Pin To Net: NetName=GND Pin=U43-1
Added Pin To Net: NetName=5V_ANALOG Pin=U43-2
Added Pin To Net: NetName=GND Pin=U43-3
Added Pin To Net: NetName=GND Pin=U43-4
Added Pin To Net: NetName=GND Pin=U43-5
Added Pin To Net: NetName=NetC254_1 Pin=U43-6
Added Pin To Net: NetName=GND Pin=U43-7
Added Member To Class: ClassName=INPUTS_OUTPUTS Member=Component R94 RES0402
