Change Component Designator: Old Designator=C163 New Designator=C?
Change Component Designator: Old Designator=C164 New Designator=C?
Change Component Designator: Old Designator=C165 New Designator=C?
Change Component Designator: Old Designator=C166 New Designator=C?
Change Component Designator: Old Designator=C167 New Designator=C?
Change Component Designator: Old Designator=C168 New Designator=C?
Change Component Designator: Old Designator=C169 New Designator=C?
Change Component Designator: Old Designator=C170 New Designator=C?
Change Component Designator: Old Designator=C171 New Designator=C?
Change Component Designator: Old Designator=C172 New Designator=C?
Change Component Designator: Old Designator=C173 New Designator=C?
Change Component Designator: Old Designator=C174 New Designator=C?
Change Component Designator: Old Designator=C175 New Designator=C?
Change Component Designator: Old Designator=C176 New Designator=C?
Change Component Designator: Old Designator=C177 New Designator=C?
Change Component Designator: Old Designator=C178 New Designator=C?
Change Component Designator: Old Designator=C179 New Designator=C?
Change Component Designator: Old Designator=C180 New Designator=C?
Change Component Designator: Old Designator=C181 New Designator=C?
Change Component Designator: Old Designator=C182 New Designator=C?
Change Component Designator: Old Designator=C183 New Designator=C?
Change Component Designator: Old Designator=C183 New Designator=C?
Change Component Designator: Old Designator=C183 New Designator=C?
Change Component Designator: Old Designator=C183 New Designator=C?
Change Component Designator: Old Designator=C184 New Designator=C?
Change Component Designator: Old Designator=C187 New Designator=C?
Change Component Designator: Old Designator=C188 New Designator=C?
Change Component Designator: Old Designator=C189 New Designator=C?
Change Component Designator: Old Designator=C191 New Designator=C?
Change Component Designator: Old Designator=C192 New Designator=C?
Change Component Designator: Old Designator=C193 New Designator=C?
Change Component Designator: Old Designator=C194 New Designator=C?
Change Component Designator: Old Designator=C195 New Designator=C?
Change Component Designator: Old Designator=C196 New Designator=C?
Change Component Designator: Old Designator=C197 New Designator=C?
Change Component Designator: Old Designator=C200 New Designator=C?
Change Component Designator: Old Designator=J1 New Designator=J?
Change Component Designator: Old Designator=R162 New Designator=R?
Change Component Designator: Old Designator=R163 New Designator=R?
Change Component Designator: Old Designator=R164 New Designator=R?
Change Component Designator: Old Designator=R165 New Designator=R?
Change Component Designator: Old Designator=R166 New Designator=R?
Change Component Designator: Old Designator=R167 New Designator=R?
Change Component Designator: Old Designator=R168 New Designator=R?
Change Component Designator: Old Designator=R169 New Designator=R?
Change Component Designator: Old Designator=R169 New Designator=R?
Change Component Designator: Old Designator=R170 New Designator=R?
Change Component Designator: Old Designator=R171 New Designator=R?
Change Component Designator: Old Designator=R172 New Designator=R?
Change Component Designator: Old Designator=R173 New Designator=R?
Change Component Designator: Old Designator=R173 New Designator=R?
Change Component Designator: Old Designator=R173 New Designator=R?
Change Component Designator: Old Designator=R174 New Designator=R?
Change Component Designator: Old Designator=R175 New Designator=R?
Change Component Designator: Old Designator=R176 New Designator=R?
Change Component Designator: Old Designator=R177 New Designator=R?
Change Component Designator: Old Designator=R178 New Designator=R?
Change Component Designator: Old Designator=R179 New Designator=R?
Change Component Designator: Old Designator=R180 New Designator=R?
Change Component Designator: Old Designator=R181 New Designator=R?
Change Component Designator: Old Designator=R182 New Designator=R?
Change Component Designator: Old Designator=R188 New Designator=R?
Change Component Designator: Old Designator=R190 New Designator=R?
Change Component Designator: Old Designator=R190 New Designator=R?
Change Component Designator: Old Designator=R191 New Designator=R?
Change Component Designator: Old Designator=R191 New Designator=R?
Change Component Designator: Old Designator=R192 New Designator=R?
Change Component Designator: Old Designator=U23 New Designator=U?
Change Component Designator: Old Designator=U24 New Designator=U?
Change Component Designator: Old Designator=U24 New Designator=U?
Change Component Designator: Old Designator=U25 New Designator=U?
Change Component Designator: Old Designator=U25 New Designator=U?
Change Component Designator: Old Designator=U26 New Designator=U?
Change Component Designator: Old Designator=U27 New Designator=U?
Change Component Designator: Old Designator=U27 New Designator=U?
Change Component Designator: Old Designator=X5 New Designator=X?
