Change Component Designator: Old Designator=C? New Designator=C239
Change Component Designator: Old Designator=C? New Designator=C240
Change Component Designator: Old Designator=C? New Designator=C241
Change Component Designator: Old Designator=C? New Designator=C242
Change Component Designator: Old Designator=C? New Designator=C243
Change Component Designator: Old Designator=C? New Designator=C244
Change Component Designator: Old Designator=C? New Designator=C245
Change Component Designator: Old Designator=C? New Designator=C246
Change Component Designator: Old Designator=C? New Designator=C247
Change Component Designator: Old Designator=C? New Designator=C248
Change Component Designator: Old Designator=C? New Designator=C249
Change Component Designator: Old Designator=C? New Designator=C250
Change Component Designator: Old Designator=C? New Designator=C251
Change Component Designator: Old Designator=C? New Designator=C252
Change Component Designator: Old Designator=FB? New Designator=FB3
Change Component Designator: Old Designator=FB? New Designator=FB4
Change Component Designator: Old Designator=J? New Designator=J3
Change Component Designator: Old Designator=J? New Designator=J4
Change Component Designator: Old Designator=Q? New Designator=Q4
Change Component Designator: Old Designator=R? New Designator=R209
Change Component Designator: Old Designator=R? New Designator=R210
Change Component Designator: Old Designator=R? New Designator=R211
Change Component Designator: Old Designator=R? New Designator=R212
Change Component Designator: Old Designator=R? New Designator=R213
Change Component Designator: Old Designator=R? New Designator=R214
Change Component Designator: Old Designator=R? New Designator=R215
Change Component Designator: Old Designator=R? New Designator=R216
Change Component Designator: Old Designator=R? New Designator=R217
Change Component Designator: Old Designator=R? New Designator=R218
Change Component Designator: Old Designator=R? New Designator=R219
Change Component Designator: Old Designator=R? New Designator=R220
Change Component Designator: Old Designator=R? New Designator=R221
Change Component Designator: Old Designator=R? New Designator=R222
Change Component Designator: Old Designator=R? New Designator=R223
Change Component Designator: Old Designator=R? New Designator=R224
Change Component Designator: Old Designator=R? New Designator=R225
Change Component Designator: Old Designator=R? New Designator=R226
Change Component Designator: Old Designator=R? New Designator=R227
Change Component Designator: Old Designator=R? New Designator=R228
Change Component Designator: Old Designator=R? New Designator=R229
Change Component Designator: Old Designator=R? New Designator=R230
Change Component Designator: Old Designator=R? New Designator=R231
Change Component Designator: Old Designator=R? New Designator=R232
Change Component Designator: Old Designator=R? New Designator=R233
Change Component Designator: Old Designator=R? New Designator=R234
Change Component Designator: Old Designator=R? New Designator=R235
Change Component Designator: Old Designator=R? New Designator=R236
Change Component Designator: Old Designator=R? New Designator=R237
Change Component Designator: Old Designator=R? New Designator=R238
Change Component Designator: Old Designator=R? New Designator=R239
Change Component Designator: Old Designator=R? New Designator=R240
Change Component Designator: Old Designator=R? New Designator=R241
Change Component Designator: Old Designator=R? New Designator=R242
Change Component Designator: Old Designator=R? New Designator=R243
Change Component Designator: Old Designator=R? New Designator=R244
Change Component Designator: Old Designator=R? New Designator=R245
Change Component Designator: Old Designator=R? New Designator=R246
Change Component Designator: Old Designator=R? New Designator=R247
Change Component Designator: Old Designator=R? New Designator=R248
Change Component Designator: Old Designator=R? New Designator=R249
Change Component Designator: Old Designator=R? New Designator=R250
Change Component Designator: Old Designator=R? New Designator=R251
Change Component Designator: Old Designator=R? New Designator=R252
Change Component Designator: Old Designator=U? New Designator=U38
Change Component Designator: Old Designator=U? New Designator=U39
Change Component Designator: Old Designator=U? New Designator=U40
Change Component Designator: Old Designator=U? New Designator=U41
Change Component Designator: Old Designator=Y? New Designator=Y1
Change Component Designator: Old Designator=Y? New Designator=Y1
